<?xml version="1.0" encoding="UTF-8"?>
<!-- Generated by org.testng.reporters.JUnitReportReporter -->
<testsuite hostname="DESKTOP-SV9CFRI" failures="0" tests="1" name="com.inetbanking.testCases.TC_AddCustomerTest_003" time="20.882" errors="0" timestamp="2023-11-01T16:05:14 IST" skipped="0">
  <testcase classname="com.inetbanking.testCases.TC_AddCustomerTest_003" name="addNewCustomer" time="20.882"/>
</testsuite> <!-- com.inetbanking.testCases.TC_AddCustomerTest_003 -->
