<?xml version="1.0" encoding="UTF-8"?>
<!-- Generated by org.testng.reporters.JUnitReportReporter -->
<testsuite hostname="DESKTOP-SV9CFRI" failures="0" tests="1" name="com.inetbanking.testCases.TC_LoginTest_001" time="4.938" errors="0" timestamp="2023-11-01T19:17:45 IST" skipped="0">
  <testcase classname="com.inetbanking.testCases.TC_LoginTest_001" name="loginTest" time="4.938"/>
</testsuite> <!-- com.inetbanking.testCases.TC_LoginTest_001 -->
