<?xml version="1.0" encoding="UTF-8"?>
<!-- Generated by org.testng.reporters.JUnitReportReporter -->
<testsuite hostname="DESKTOP-SV9CFRI" failures="0" tests="1" name="com.inetbanking.testCases.TC_AddCustomerTest_003" time="11.322" errors="0" timestamp="2023-11-01T19:17:45 IST" skipped="0">
  <testcase classname="com.inetbanking.testCases.TC_AddCustomerTest_003" name="addNewCustomer" time="11.322"/>
</testsuite> <!-- com.inetbanking.testCases.TC_AddCustomerTest_003 -->
